\BOOKMARK [0][]{Doc-Start}{Liste des Figures}{}% 1
\BOOKMARK [0][]{Doc-Start}{Liste des Tableaux}{}% 2
\BOOKMARK [0][]{Doc-Start}{R\351sum\351}{}% 3
\BOOKMARK [0][]{Doc-Start}{Abstract}{}% 4
\BOOKMARK [0][]{Doc-Start}{Introduction G\351n\351rale}{}% 5
\BOOKMARK [0][]{chapter.1}{I \311tude Th\351orique}{}% 6
\BOOKMARK [1][]{section.1.1}{1 \311tat de l'art}{chapter.1}% 7
\BOOKMARK [1][]{section.1.2}{2 \311tude de l'existant}{chapter.1}% 8
\BOOKMARK [0][]{chapter.2}{II Conception}{}% 9
\BOOKMARK [1][]{section.2.1}{1 Recommadations}{chapter.2}% 10
\BOOKMARK [1][]{section.2.2}{2 Diagrammes}{chapter.2}% 11
\BOOKMARK [2][]{subsection.2.2.1}{2.1 Diagramme de S\351quence}{section.2.2}% 12
\BOOKMARK [2][]{subsection.2.2.2}{2.2 Diagramme de Classes}{section.2.2}% 13
\BOOKMARK [0][]{chapter.3}{III R\351alisation}{}% 14
\BOOKMARK [1][]{section.3.1}{1 Outils et langages utilis\351s}{chapter.3}% 15
\BOOKMARK [1][]{section.3.2}{2 Pr\351sentation de l'application}{chapter.3}% 16
\BOOKMARK [2][]{subsection.3.2.1}{2.1 Exemple de tableau}{section.3.2}% 17
\BOOKMARK [2][]{subsection.3.2.2}{2.2 Exemple de Code}{section.3.2}% 18
\BOOKMARK [1][]{section.3.3}{3 Remarques sur la bibliographie}{chapter.3}% 19
\BOOKMARK [0][]{chapter*.10}{Conclusion G\351n\351rale et Perspectives}{}% 20
\BOOKMARK [0][]{chapter*.10}{Bibliographique}{}% 21
\BOOKMARK [0][]{chapter*.11}{Annexe : Remarques Diverses}{}% 22
